<?xml version="1.0" encoding="UTF-8"?>
<!-- Generated by org.testng.reporters.JUnitReportReporter -->
<testsuite hostname="AgnusJithin" failures="0" tests="2" name="companyname.Framework.viewAnItemTest" time="16.975" errors="0" timestamp="2025-01-25T21:56:12 IST" skipped="0">
  <testcase classname="companyname.Framework.viewAnItemTest" name="logoutTest" time="7.507"/>
  <testcase classname="companyname.Framework.viewAnItemTest" name="logoutTest" time="9.468"/>
</testsuite> <!-- companyname.Framework.viewAnItemTest -->
