<?xml version="1.0" encoding="UTF-8"?>
<!-- Generated by org.testng.reporters.JUnitReportReporter -->
<testsuite hostname="AgnusJithin" failures="0" tests="2" name="companyname.Framework.ErrorValidationTest" time="6.891" errors="0" timestamp="2025-01-25T15:12:36 IST" skipped="0">
  <testcase classname="companyname.Framework.ErrorValidationTest" name="passwordValidation" time="3.377"/>
  <testcase classname="companyname.Framework.ErrorValidationTest" name="passwordValidation" time="3.514"/>
</testsuite> <!-- companyname.Framework.ErrorValidationTest -->
