<?xml version="1.0" encoding="UTF-8"?>
<!-- Generated by org.testng.reporters.JUnitReportReporter -->
<testsuite hostname="AgnusJithin" failures="0" tests="2" name="companyname.Framework.logoutTest" time="13.982" errors="0" timestamp="2025-01-25T21:30:07 IST" skipped="0">
  <testcase classname="companyname.Framework.logoutTest" name="logoutTest" time="6.659"/>
  <testcase classname="companyname.Framework.logoutTest" name="logoutTest" time="7.323"/>
</testsuite> <!-- companyname.Framework.logoutTest -->
