<?xml version="1.0" encoding="UTF-8"?>
<!-- Generated by org.testng.reporters.JUnitReportReporter -->
<testsuite hostname="AgnusJithin" failures="0" tests="4" name="companyname.Framework.LandingpageTest" time="19.556" errors="0" timestamp="2025-01-25T15:12:36 IST" skipped="0">
  <testcase classname="companyname.Framework.LandingpageTest" name="submitOrder" time="6.354"/>
  <testcase classname="companyname.Framework.LandingpageTest" name="submitOrder" time="6.459"/>
  <testcase classname="companyname.Framework.LandingpageTest" name="verifyOrderHistory" time="3.276"/>
  <testcase classname="companyname.Framework.LandingpageTest" name="verifyOrderHistory" time="3.467"/>
</testsuite> <!-- companyname.Framework.LandingpageTest -->
