<?xml version="1.0" encoding="UTF-8"?>
<!-- Generated by org.testng.reporters.JUnitReportReporter -->
<testsuite hostname="AgnusJithin" failures="0" tests="1" name="companyname.Framework.ErrorValidation" time="7.705" errors="0" timestamp="2024-12-16T16:18:01 IST" skipped="0">
  <testcase classname="companyname.Framework.ErrorValidation" name="passwordValidation" time="7.705"/>
</testsuite> <!-- companyname.Framework.ErrorValidation -->
