<?xml version="1.0" encoding="UTF-8"?>
<!-- Generated by org.testng.reporters.JUnitReportReporter -->
<testsuite hostname="AgnusJithin" failures="0" tests="2" name="companyname.Framework.logoutTest" time="10.732" errors="0" timestamp="2025-01-25T15:50:16 IST" skipped="0">
  <testcase classname="companyname.Framework.logoutTest" name="logoutTest" time="5.588"/>
  <testcase classname="companyname.Framework.logoutTest" name="logoutTest" time="5.144"/>
</testsuite> <!-- companyname.Framework.logoutTest -->
